Created by PLY version 3.11 (http://www.dabeaz.com/ply)

Grammar

Rule 0     S' -> data
Rule 1     data -> NOMBRE APELLIDO1 APELLIDO2 FECHA SEXO ESTADO

Terminals, with rules where they appear

APELLIDO1            : 1
APELLIDO2            : 1
ESTADO               : 1
FECHA                : 1
NOMBRE               : 1
SEXO                 : 1
error                : 

Nonterminals, with rules where they appear

data                 : 0

Parsing method: LALR

state 0

    (0) S' -> . data
    (1) data -> . NOMBRE APELLIDO1 APELLIDO2 FECHA SEXO ESTADO

    NOMBRE          shift and go to state 2

    data                           shift and go to state 1

state 1

    (0) S' -> data .



state 2

    (1) data -> NOMBRE . APELLIDO1 APELLIDO2 FECHA SEXO ESTADO

    APELLIDO1       shift and go to state 3


state 3

    (1) data -> NOMBRE APELLIDO1 . APELLIDO2 FECHA SEXO ESTADO

    APELLIDO2       shift and go to state 4


state 4

    (1) data -> NOMBRE APELLIDO1 APELLIDO2 . FECHA SEXO ESTADO

    FECHA           shift and go to state 5


state 5

    (1) data -> NOMBRE APELLIDO1 APELLIDO2 FECHA . SEXO ESTADO

    SEXO            shift and go to state 6


state 6

    (1) data -> NOMBRE APELLIDO1 APELLIDO2 FECHA SEXO . ESTADO

    ESTADO          shift and go to state 7


state 7

    (1) data -> NOMBRE APELLIDO1 APELLIDO2 FECHA SEXO ESTADO .

    $end            reduce using rule 1 (data -> NOMBRE APELLIDO1 APELLIDO2 FECHA SEXO ESTADO .)

